<?xml version="1.0" encoding="UTF-8"?>
<!-- Generated by org.testng.reporters.JUnitReportReporter -->
<testsuite hostname="FA038185" name="location.info.GetMultipleStates" tests="29" failures="0" timestamp="21 May 2018 06:14:52 GMT" time="6.900" errors="0">
  <testcase name="verifyGetMultipleStatesApi" time="0.318" classname="location.info.GetMultipleStates"/>
  <testcase name="verifyGetMultipleStatesApi" time="0.325" classname="location.info.GetMultipleStates"/>
  <testcase name="verifyGetMultipleStatesApi" time="0.058" classname="location.info.GetMultipleStates"/>
  <testcase name="verifyGetMultipleStatesApi" time="0.120" classname="location.info.GetMultipleStates"/>
  <testcase name="verifyGetMultipleStatesApi" time="0.056" classname="location.info.GetMultipleStates"/>
  <testcase name="verifyGetMultipleStatesApi" time="0.132" classname="location.info.GetMultipleStates"/>
  <testcase name="verifyGetMultipleStatesApi" time="0.057" classname="location.info.GetMultipleStates"/>
  <testcase name="verifyGetMultipleStatesApi" time="0.156" classname="location.info.GetMultipleStates"/>
  <testcase name="verifyGetMultipleStatesApi" time="0.141" classname="location.info.GetMultipleStates"/>
  <testcase name="respnseTimeStats_GetMultipleStates" time="0.002" classname="location.info.GetMultipleStates"/>
  <testcase name="verifyGetMultipleStatesApi" time="0.050" classname="location.info.GetMultipleStates"/>
  <testcase name="verifyGetMultipleStatesApi" time="0.062" classname="location.info.GetMultipleStates"/>
  <testcase name="verifyGetMultipleStatesApi" time="0.052" classname="location.info.GetMultipleStates"/>
  <testcase name="verifyGetMultipleStatesApi" time="0.249" classname="location.info.GetMultipleStates"/>
  <testcase name="verifyGetMultipleStatesApi" time="0.182" classname="location.info.GetMultipleStates"/>
  <testcase name="verifyGetMultipleStatesApi" time="0.045" classname="location.info.GetMultipleStates"/>
  <testcase name="verifyGetMultipleStatesApi" time="0.064" classname="location.info.GetMultipleStates"/>
  <testcase name="verifyGetMultipleStatesApi" time="0.236" classname="location.info.GetMultipleStates"/>
  <testcase name="verifyGetMultipleStatesApi" time="0.428" classname="location.info.GetMultipleStates"/>
  <testcase name="verifyGetMultipleStatesApi" time="0.155" classname="location.info.GetMultipleStates"/>
  <testcase name="verifyGetMultipleStatesApi" time="0.003" classname="location.info.GetMultipleStates"/>
  <testcase name="verifyGetMultipleStatesApi" time="0.079" classname="location.info.GetMultipleStates"/>
  <testcase name="verifyGetMultipleStatesApi" time="0.116" classname="location.info.GetMultipleStates"/>
  <testcase name="verifyGetMultipleStatesApi" time="0.214" classname="location.info.GetMultipleStates"/>
  <testcase name="verifyGetMultipleStatesApi" time="0.185" classname="location.info.GetMultipleStates"/>
  <testcase name="verifyGetMultipleStatesApi" time="3.048" classname="location.info.GetMultipleStates"/>
  <testcase name="verifyGetMultipleStatesApi" time="0.054" classname="location.info.GetMultipleStates"/>
  <testcase name="verifyGetMultipleStatesApi" time="0.245" classname="location.info.GetMultipleStates"/>
  <testcase name="verifyGetMultipleStatesApi" time="0.068" classname="location.info.GetMultipleStates"/>
</testsuite> <!-- location.info.GetMultipleStates -->
