<?xml version="1.0" encoding="UTF-8"?>
<!-- Generated by org.testng.reporters.JUnitReportReporter -->
<testsuite hostname="FA038185" name="location.info.GetMultipleCities" tests="30" failures="0" timestamp="21 May 2018 06:14:52 GMT" time="5.295" errors="0">
  <testcase name="verifyGetMultipleCitiesApi" time="0.168" classname="location.info.GetMultipleCities"/>
  <testcase name="verifyGetMultipleCitiesApi" time="0.077" classname="location.info.GetMultipleCities"/>
  <testcase name="verifyGetMultipleCitiesApi" time="0.081" classname="location.info.GetMultipleCities"/>
  <testcase name="verifyGetMultipleCitiesApi" time="0.001" classname="location.info.GetMultipleCities"/>
  <testcase name="respnseTimeStats_GetMultipleCities" time="0.001" classname="location.info.GetMultipleCities"/>
  <testcase name="verifyGetMultipleCitiesApi" time="0.239" classname="location.info.GetMultipleCities"/>
  <testcase name="verifyGetMultipleCitiesApi" time="0.414" classname="location.info.GetMultipleCities"/>
  <testcase name="verifyGetMultipleCitiesApi" time="0.086" classname="location.info.GetMultipleCities"/>
  <testcase name="verifyGetMultipleCitiesApi" time="0.329" classname="location.info.GetMultipleCities"/>
  <testcase name="verifyGetMultipleCitiesApi" time="0.521" classname="location.info.GetMultipleCities"/>
  <testcase name="verifyGetMultipleCitiesApi" time="0.069" classname="location.info.GetMultipleCities"/>
  <testcase name="verifyGetMultipleCitiesApi" time="0.190" classname="location.info.GetMultipleCities"/>
  <testcase name="verifyGetMultipleCitiesApi" time="0.155" classname="location.info.GetMultipleCities"/>
  <testcase name="verifyGetMultipleCitiesApi" time="0.079" classname="location.info.GetMultipleCities"/>
  <testcase name="verifyGetMultipleCitiesApi" time="0.072" classname="location.info.GetMultipleCities"/>
  <testcase name="verifyGetMultipleCitiesApi" time="0.159" classname="location.info.GetMultipleCities"/>
  <testcase name="verifyGetMultipleCitiesApi" time="0.108" classname="location.info.GetMultipleCities"/>
  <testcase name="verifyGetMultipleCitiesApi" time="0.316" classname="location.info.GetMultipleCities"/>
  <testcase name="verifyGetMultipleCitiesApi" time="0.259" classname="location.info.GetMultipleCities"/>
  <testcase name="verifyGetMultipleCitiesApi" time="0.488" classname="location.info.GetMultipleCities"/>
  <testcase name="verifyGetMultipleCitiesApi" time="0.188" classname="location.info.GetMultipleCities"/>
  <testcase name="verifyGetMultipleCitiesApi" time="0.297" classname="location.info.GetMultipleCities"/>
  <testcase name="verifyGetMultipleCitiesApi" time="0.063" classname="location.info.GetMultipleCities"/>
  <testcase name="verifyGetMultipleCitiesApi" time="0.086" classname="location.info.GetMultipleCities"/>
  <testcase name="verifyGetMultipleCitiesApi" time="0.055" classname="location.info.GetMultipleCities"/>
  <testcase name="verifyGetMultipleCitiesApi" time="0.075" classname="location.info.GetMultipleCities"/>
  <testcase name="verifyGetMultipleCitiesApi" time="0.051" classname="location.info.GetMultipleCities"/>
  <testcase name="verifyGetMultipleCitiesApi" time="0.331" classname="location.info.GetMultipleCities"/>
  <testcase name="verifyGetMultipleCitiesApi" time="0.276" classname="location.info.GetMultipleCities"/>
  <testcase name="verifyGetMultipleCitiesApi" time="0.061" classname="location.info.GetMultipleCities"/>
</testsuite> <!-- location.info.GetMultipleCities -->
