<?xml version="1.0" encoding="UTF-8"?>
<!-- Generated by org.testng.reporters.JUnitReportReporter -->
<testsuite hostname="FA038185" name="latestupdateArticles.info.GetLatestUpdatedArticles" tests="3" failures="0" timestamp="18 May 2018 09:56:00 GMT" time="3.328" errors="0">
  <testcase name="respnseTimeStats_GetLatestArticles" time="0.009" classname="latestupdateArticles.info.GetLatestUpdatedArticles"/>
  <testcase name="verifyGetLatestUpdateArticlesApi" time="3.105" classname="latestupdateArticles.info.GetLatestUpdatedArticles"/>
  <testcase name="verifyGetLatestUpdateArticlesApi" time="0.214" classname="latestupdateArticles.info.GetLatestUpdatedArticles"/>
</testsuite> <!-- latestupdateArticles.info.GetLatestUpdatedArticles -->
