<?xml version="1.0" encoding="UTF-8"?>
<!-- Generated by org.testng.reporters.JUnitReportReporter -->
<testsuite hostname="FA038185" name="location.info.GetMultipleCitiesName" tests="28" failures="0" timestamp="21 May 2018 06:16:24 GMT" time="8.941" errors="0">
  <testcase name="verifyGetMultipleCitiesNameApi" time="0.547" classname="location.info.GetMultipleCitiesName"/>
  <testcase name="verifyGetMultipleCitiesNameApi" time="0.337" classname="location.info.GetMultipleCitiesName"/>
  <testcase name="verifyGetMultipleCitiesNameApi" time="0.148" classname="location.info.GetMultipleCitiesName"/>
  <testcase name="verifyGetMultipleCitiesNameApi" time="0.147" classname="location.info.GetMultipleCitiesName"/>
  <testcase name="verifyGetMultipleCitiesNameApi" time="0.295" classname="location.info.GetMultipleCitiesName"/>
  <testcase name="respnseTimeStats_GetMultipleCitiesName" time="0.004" classname="location.info.GetMultipleCitiesName"/>
  <testcase name="verifyGetMultipleCitiesNameApi" time="0.111" classname="location.info.GetMultipleCitiesName"/>
  <testcase name="verifyGetMultipleCitiesNameApi" time="0.135" classname="location.info.GetMultipleCitiesName"/>
  <testcase name="verifyGetMultipleCitiesNameApi" time="0.080" classname="location.info.GetMultipleCitiesName"/>
  <testcase name="verifyGetMultipleCitiesNameApi" time="0.287" classname="location.info.GetMultipleCitiesName"/>
  <testcase name="verifyGetMultipleCitiesNameApi" time="0.184" classname="location.info.GetMultipleCitiesName"/>
  <testcase name="verifyGetMultipleCitiesNameApi" time="0.162" classname="location.info.GetMultipleCitiesName"/>
  <testcase name="verifyGetMultipleCitiesNameApi" time="0.003" classname="location.info.GetMultipleCitiesName"/>
  <testcase name="verifyGetMultipleCitiesNameApi" time="0.119" classname="location.info.GetMultipleCitiesName"/>
  <testcase name="verifyGetMultipleCitiesNameApi" time="0.177" classname="location.info.GetMultipleCitiesName"/>
  <testcase name="verifyGetMultipleCitiesNameApi" time="0.198" classname="location.info.GetMultipleCitiesName"/>
  <testcase name="verifyGetMultipleCitiesNameApi" time="0.201" classname="location.info.GetMultipleCitiesName"/>
  <testcase name="verifyGetMultipleCitiesNameApi" time="0.356" classname="location.info.GetMultipleCitiesName"/>
  <testcase name="verifyGetMultipleCitiesNameApi" time="0.331" classname="location.info.GetMultipleCitiesName"/>
  <testcase name="verifyGetMultipleCitiesNameApi" time="0.090" classname="location.info.GetMultipleCitiesName"/>
  <testcase name="verifyGetMultipleCitiesNameApi" time="3.137" classname="location.info.GetMultipleCitiesName"/>
  <testcase name="verifyGetMultipleCitiesNameApi" time="0.172" classname="location.info.GetMultipleCitiesName"/>
  <testcase name="verifyGetMultipleCitiesNameApi" time="0.220" classname="location.info.GetMultipleCitiesName"/>
  <testcase name="verifyGetMultipleCitiesNameApi" time="0.327" classname="location.info.GetMultipleCitiesName"/>
  <testcase name="verifyGetMultipleCitiesNameApi" time="0.105" classname="location.info.GetMultipleCitiesName"/>
  <testcase name="verifyGetMultipleCitiesNameApi" time="0.673" classname="location.info.GetMultipleCitiesName"/>
  <testcase name="verifyGetMultipleCitiesNameApi" time="0.230" classname="location.info.GetMultipleCitiesName"/>
  <testcase name="verifyGetMultipleCitiesNameApi" time="0.165" classname="location.info.GetMultipleCitiesName"/>
</testsuite> <!-- location.info.GetMultipleCitiesName -->
