<?xml version="1.0" encoding="UTF-8"?>
<!-- Generated by org.testng.reporters.JUnitReportReporter -->
<testsuite hostname="FA038185" name="ananotification.info.getAnANotificationCount" tests="22" failures="0" timestamp="17 May 2018 11:31:49 GMT" time="9.258" errors="0">
  <testcase name="verifyGetAnANotificationApi" time="0.185" classname="ananotification.info.getAnANotificationCount"/>
  <testcase name="verifyGetAnANotificationApi" time="0.252" classname="ananotification.info.getAnANotificationCount"/>
  <testcase name="verifyGetAnANotificationApi" time="0.374" classname="ananotification.info.getAnANotificationCount"/>
  <testcase name="verifyGetAnANotificationApi" time="0.141" classname="ananotification.info.getAnANotificationCount"/>
  <testcase name="verifyGetAnANotificationApi" time="0.139" classname="ananotification.info.getAnANotificationCount"/>
  <testcase name="verifyGetAnANotificationApi" time="0.148" classname="ananotification.info.getAnANotificationCount"/>
  <testcase name="respnseTimeStats_Getananotification" time="0.003" classname="ananotification.info.getAnANotificationCount"/>
  <testcase name="verifyGetAnANotificationApi" time="4.309" classname="ananotification.info.getAnANotificationCount"/>
  <testcase name="verifyGetAnANotificationApi" time="0.357" classname="ananotification.info.getAnANotificationCount"/>
  <testcase name="verifyGetAnANotificationApi" time="0.208" classname="ananotification.info.getAnANotificationCount"/>
  <testcase name="verifyGetAnANotificationApi" time="0.250" classname="ananotification.info.getAnANotificationCount"/>
  <testcase name="verifyGetAnANotificationApi" time="0.229" classname="ananotification.info.getAnANotificationCount"/>
  <testcase name="verifyGetAnANotificationApi" time="0.173" classname="ananotification.info.getAnANotificationCount"/>
  <testcase name="verifyGetAnANotificationApi" time="0.281" classname="ananotification.info.getAnANotificationCount"/>
  <testcase name="verifyGetAnANotificationApi" time="0.206" classname="ananotification.info.getAnANotificationCount"/>
  <testcase name="verifyGetAnANotificationApi" time="0.393" classname="ananotification.info.getAnANotificationCount"/>
  <testcase name="verifyGetAnANotificationApi" time="0.236" classname="ananotification.info.getAnANotificationCount"/>
  <testcase name="verifyGetAnANotificationApi" time="0.169" classname="ananotification.info.getAnANotificationCount"/>
  <testcase name="verifyGetAnANotificationApi" time="0.444" classname="ananotification.info.getAnANotificationCount"/>
  <testcase name="verifyGetAnANotificationApi" time="0.172" classname="ananotification.info.getAnANotificationCount"/>
  <testcase name="verifyGetAnANotificationApi" time="0.155" classname="ananotification.info.getAnANotificationCount"/>
  <testcase name="verifyGetAnANotificationApi" time="0.434" classname="ananotification.info.getAnANotificationCount"/>
</testsuite> <!-- ananotification.info.getAnANotificationCount -->
