<?xml version="1.0" encoding="UTF-8"?>
<!-- Generated by org.testng.reporters.JUnitReportReporter -->
<testsuite hostname="FA038185" name="location.info.GetMultipleLocalities" tests="26" failures="0" timestamp="21 May 2018 06:14:52 GMT" time="3.370" errors="0">
  <testcase name="verifyGetMultipleLocalitiesApi" time="0.069" classname="location.info.GetMultipleLocalities"/>
  <testcase name="verifyGetMultipleLocalitiesApi" time="0.062" classname="location.info.GetMultipleLocalities"/>
  <testcase name="verifyGetMultipleLocalitiesApi" time="0.044" classname="location.info.GetMultipleLocalities"/>
  <testcase name="verifyGetMultipleLocalitiesApi" time="0.268" classname="location.info.GetMultipleLocalities"/>
  <testcase name="verifyGetMultipleLocalitiesApi" time="0.097" classname="location.info.GetMultipleLocalities"/>
  <testcase name="respnseTimeStats_GetMultipleLocalities" time="0.001" classname="location.info.GetMultipleLocalities"/>
  <testcase name="verifyGetMultipleLocalitiesApi" time="0.059" classname="location.info.GetMultipleLocalities"/>
  <testcase name="verifyGetMultipleLocalitiesApi" time="0.001" classname="location.info.GetMultipleLocalities"/>
  <testcase name="verifyGetMultipleLocalitiesApi" time="0.056" classname="location.info.GetMultipleLocalities"/>
  <testcase name="verifyGetMultipleLocalitiesApi" time="0.043" classname="location.info.GetMultipleLocalities"/>
  <testcase name="verifyGetMultipleLocalitiesApi" time="0.051" classname="location.info.GetMultipleLocalities"/>
  <testcase name="verifyGetMultipleLocalitiesApi" time="0.278" classname="location.info.GetMultipleLocalities"/>
  <testcase name="verifyGetMultipleLocalitiesApi" time="0.173" classname="location.info.GetMultipleLocalities"/>
  <testcase name="verifyGetMultipleLocalitiesApi" time="0.050" classname="location.info.GetMultipleLocalities"/>
  <testcase name="verifyGetMultipleLocalitiesApi" time="0.044" classname="location.info.GetMultipleLocalities"/>
  <testcase name="verifyGetMultipleLocalitiesApi" time="0.056" classname="location.info.GetMultipleLocalities"/>
  <testcase name="verifyGetMultipleLocalitiesApi" time="0.206" classname="location.info.GetMultipleLocalities"/>
  <testcase name="verifyGetMultipleLocalitiesApi" time="0.111" classname="location.info.GetMultipleLocalities"/>
  <testcase name="verifyGetMultipleLocalitiesApi" time="0.049" classname="location.info.GetMultipleLocalities"/>
  <testcase name="verifyGetMultipleLocalitiesApi" time="0.263" classname="location.info.GetMultipleLocalities"/>
  <testcase name="verifyGetMultipleLocalitiesApi" time="0.045" classname="location.info.GetMultipleLocalities"/>
  <testcase name="verifyGetMultipleLocalitiesApi" time="0.193" classname="location.info.GetMultipleLocalities"/>
  <testcase name="verifyGetMultipleLocalitiesApi" time="0.150" classname="location.info.GetMultipleLocalities"/>
  <testcase name="verifyGetMultipleLocalitiesApi" time="0.439" classname="location.info.GetMultipleLocalities"/>
  <testcase name="verifyGetMultipleLocalitiesApi" time="0.272" classname="location.info.GetMultipleLocalities"/>
  <testcase name="verifyGetMultipleLocalitiesApi" time="0.290" classname="location.info.GetMultipleLocalities"/>
</testsuite> <!-- location.info.GetMultipleLocalities -->
