<?xml version="1.0" encoding="UTF-8"?>
<!-- Generated by org.testng.reporters.JUnitReportReporter -->
<testsuite hostname="FA038185" name="location.info.GetMultipleLocalitiesName" tests="26" failures="0" timestamp="21 May 2018 06:14:52 GMT" time="2.728" errors="0">
  <testcase name="verifyGetMultipleLocalitiesNameApi" time="0.074" classname="location.info.GetMultipleLocalitiesName"/>
  <testcase name="verifyGetMultipleLocalitiesNameApi" time="0.001" classname="location.info.GetMultipleLocalitiesName"/>
  <testcase name="verifyGetMultipleLocalitiesNameApi" time="0.136" classname="location.info.GetMultipleLocalitiesName"/>
  <testcase name="verifyGetMultipleLocalitiesNameApi" time="0.251" classname="location.info.GetMultipleLocalitiesName"/>
  <testcase name="verifyGetMultipleLocalitiesNameApi" time="0.260" classname="location.info.GetMultipleLocalitiesName"/>
  <testcase name="verifyGetMultipleLocalitiesNameApi" time="0.147" classname="location.info.GetMultipleLocalitiesName"/>
  <testcase name="respnseTimeStats_GetMultipleLocalitiesName" time="0.002" classname="location.info.GetMultipleLocalitiesName"/>
  <testcase name="verifyGetMultipleLocalitiesNameApi" time="0.125" classname="location.info.GetMultipleLocalitiesName"/>
  <testcase name="verifyGetMultipleLocalitiesNameApi" time="0.083" classname="location.info.GetMultipleLocalitiesName"/>
  <testcase name="verifyGetMultipleLocalitiesNameApi" time="0.149" classname="location.info.GetMultipleLocalitiesName"/>
  <testcase name="verifyGetMultipleLocalitiesNameApi" time="0.076" classname="location.info.GetMultipleLocalitiesName"/>
  <testcase name="verifyGetMultipleLocalitiesNameApi" time="0.100" classname="location.info.GetMultipleLocalitiesName"/>
  <testcase name="verifyGetMultipleLocalitiesNameApi" time="0.056" classname="location.info.GetMultipleLocalitiesName"/>
  <testcase name="verifyGetMultipleLocalitiesNameApi" time="0.073" classname="location.info.GetMultipleLocalitiesName"/>
  <testcase name="verifyGetMultipleLocalitiesNameApi" time="0.064" classname="location.info.GetMultipleLocalitiesName"/>
  <testcase name="verifyGetMultipleLocalitiesNameApi" time="0.288" classname="location.info.GetMultipleLocalitiesName"/>
  <testcase name="verifyGetMultipleLocalitiesNameApi" time="0.062" classname="location.info.GetMultipleLocalitiesName"/>
  <testcase name="verifyGetMultipleLocalitiesNameApi" time="0.094" classname="location.info.GetMultipleLocalitiesName"/>
  <testcase name="verifyGetMultipleLocalitiesNameApi" time="0.074" classname="location.info.GetMultipleLocalitiesName"/>
  <testcase name="verifyGetMultipleLocalitiesNameApi" time="0.078" classname="location.info.GetMultipleLocalitiesName"/>
  <testcase name="verifyGetMultipleLocalitiesNameApi" time="0.061" classname="location.info.GetMultipleLocalitiesName"/>
  <testcase name="verifyGetMultipleLocalitiesNameApi" time="0.077" classname="location.info.GetMultipleLocalitiesName"/>
  <testcase name="verifyGetMultipleLocalitiesNameApi" time="0.055" classname="location.info.GetMultipleLocalitiesName"/>
  <testcase name="verifyGetMultipleLocalitiesNameApi" time="0.069" classname="location.info.GetMultipleLocalitiesName"/>
  <testcase name="verifyGetMultipleLocalitiesNameApi" time="0.119" classname="location.info.GetMultipleLocalitiesName"/>
  <testcase name="verifyGetMultipleLocalitiesNameApi" time="0.154" classname="location.info.GetMultipleLocalitiesName"/>
</testsuite> <!-- location.info.GetMultipleLocalitiesName -->
