<?xml version="1.0" encoding="UTF-8"?>
<!-- Generated by org.testng.reporters.JUnitReportReporter -->
<testsuite hostname="FA038185" name="location.info.GetMultipleStatesName" tests="28" failures="0" timestamp="21 May 2018 06:14:52 GMT" time="10.080" errors="0">
  <testcase name="respnseTimeStats_GetMultipleStatesName" time="0.002" classname="location.info.GetMultipleStatesName"/>
  <testcase name="verifyGetMultipleStatesNameApi" time="3.261" classname="location.info.GetMultipleStatesName"/>
  <testcase name="verifyGetMultipleStatesNameApi" time="0.003" classname="location.info.GetMultipleStatesName"/>
  <testcase name="verifyGetMultipleStatesNameApi" time="0.209" classname="location.info.GetMultipleStatesName"/>
  <testcase name="verifyGetMultipleStatesNameApi" time="0.107" classname="location.info.GetMultipleStatesName"/>
  <testcase name="verifyGetMultipleStatesNameApi" time="0.177" classname="location.info.GetMultipleStatesName"/>
  <testcase name="verifyGetMultipleStatesNameApi" time="0.127" classname="location.info.GetMultipleStatesName"/>
  <testcase name="verifyGetMultipleStatesNameApi" time="0.127" classname="location.info.GetMultipleStatesName"/>
  <testcase name="verifyGetMultipleStatesNameApi" time="0.214" classname="location.info.GetMultipleStatesName"/>
  <testcase name="verifyGetMultipleStatesNameApi" time="0.237" classname="location.info.GetMultipleStatesName"/>
  <testcase name="verifyGetMultipleStatesNameApi" time="0.180" classname="location.info.GetMultipleStatesName"/>
  <testcase name="verifyGetMultipleStatesNameApi" time="1.187" classname="location.info.GetMultipleStatesName"/>
  <testcase name="verifyGetMultipleStatesNameApi" time="0.420" classname="location.info.GetMultipleStatesName"/>
  <testcase name="verifyGetMultipleStatesNameApi" time="0.198" classname="location.info.GetMultipleStatesName"/>
  <testcase name="verifyGetMultipleStatesNameApi" time="0.159" classname="location.info.GetMultipleStatesName"/>
  <testcase name="verifyGetMultipleStatesNameApi" time="0.265" classname="location.info.GetMultipleStatesName"/>
  <testcase name="verifyGetMultipleStatesNameApi" time="0.186" classname="location.info.GetMultipleStatesName"/>
  <testcase name="verifyGetMultipleStatesNameApi" time="0.371" classname="location.info.GetMultipleStatesName"/>
  <testcase name="verifyGetMultipleStatesNameApi" time="0.213" classname="location.info.GetMultipleStatesName"/>
  <testcase name="verifyGetMultipleStatesNameApi" time="1.101" classname="location.info.GetMultipleStatesName"/>
  <testcase name="verifyGetMultipleStatesNameApi" time="0.274" classname="location.info.GetMultipleStatesName"/>
  <testcase name="verifyGetMultipleStatesNameApi" time="0.125" classname="location.info.GetMultipleStatesName"/>
  <testcase name="verifyGetMultipleStatesNameApi" time="0.108" classname="location.info.GetMultipleStatesName"/>
  <testcase name="verifyGetMultipleStatesNameApi" time="0.104" classname="location.info.GetMultipleStatesName"/>
  <testcase name="verifyGetMultipleStatesNameApi" time="0.149" classname="location.info.GetMultipleStatesName"/>
  <testcase name="verifyGetMultipleStatesNameApi" time="0.176" classname="location.info.GetMultipleStatesName"/>
  <testcase name="verifyGetMultipleStatesNameApi" time="0.206" classname="location.info.GetMultipleStatesName"/>
  <testcase name="verifyGetMultipleStatesNameApi" time="0.194" classname="location.info.GetMultipleStatesName"/>
</testsuite> <!-- location.info.GetMultipleStatesName -->
