<?xml version="1.0" encoding="UTF-8"?>
<!-- Generated by org.testng.reporters.JUnitReportReporter -->
<testsuite hostname="FA038185" name="predictor.info.GetRankPredictorAPI" tests="3" failures="0" timestamp="18 May 2018 10:43:46 GMT" time="3.642" errors="0">
  <testcase name="verifyGetRankPredictor" time="0.213" classname="predictor.info.GetRankPredictorAPI"/>
  <testcase name="respnseTimeStats_GetRankPredictor" time="0.007" classname="predictor.info.GetRankPredictorAPI"/>
  <testcase name="verifyGetRankPredictor" time="3.422" classname="predictor.info.GetRankPredictorAPI"/>
</testsuite> <!-- predictor.info.GetRankPredictorAPI -->
