<?xml version="1.0" encoding="UTF-8"?>
<!-- Generated by org.testng.reporters.JUnitReportReporter -->
<testsuite hostname="FA038185" name="exam.info.GetExamYears" tests="3" failures="0" timestamp="18 May 2018 11:32:53 GMT" time="3.364" errors="0">
  <testcase name="verifyGetExamYearApi" time="3.172" classname="exam.info.GetExamYears"/>
  <testcase name="respnseTimeStats_GetExamyear" time="0.005" classname="exam.info.GetExamYears"/>
  <testcase name="verifyGetExamYearApi" time="0.187" classname="exam.info.GetExamYears"/>
</testsuite> <!-- exam.info.GetExamYears -->
