<?xml version="1.0" encoding="UTF-8"?>
<!-- Generated by org.testng.reporters.JUnitReportReporter -->
<testsuite hostname="FA038185" name="predictor.info.GetAllCollegePredictorAPI" tests="3" failures="0" timestamp="18 May 2018 10:54:17 GMT" time="3.830" errors="0">
  <testcase name="verifyGetCollegePredictor" time="0.424" classname="predictor.info.GetAllCollegePredictorAPI"/>
  <testcase name="respnseTimeStats_GetCollegePredictor" time="0.006" classname="predictor.info.GetAllCollegePredictorAPI"/>
  <testcase name="verifyGetCollegePredictor" time="3.400" classname="predictor.info.GetAllCollegePredictorAPI"/>
</testsuite> <!-- predictor.info.GetAllCollegePredictorAPI -->
